<?xml version="1.0" encoding="UTF-8"?>
<!-- Generated by org.testng.reporters.JUnitReportReporter -->
<testsuite hostname="DESKTOP-QS9U2BQ" failures="0" tests="6" name="tests.EndToEndTest" time="1.092" errors="0" timestamp="2024-03-16T11:44:32 IST" skipped="1">
  <testcase classname="tests.EndToEndTest" name="loginUserTest" time="0.429"/>
  <testcase classname="tests.EndToEndTest" name="addItemToCartTest" time="0.049"/>
  <testcase classname="tests.EndToEndTest" name="verifyCartDetailsTest" time="0.095"/>
  <testcase classname="tests.EndToEndTest" name="enterCheckOutInfoTest" time="0.410"/>
  <testcase classname="tests.EndToEndTest" name="verifyCheckOutOverviewTest" time="0.107"/>
  <testcase classname="tests.EndToEndTest" name="checkOutConfirmationTest" time="0.002">
    <skipped/>
  </testcase> <!-- checkOutConfirmationTest -->
</testsuite> <!-- tests.EndToEndTest -->
